Using pre-set license
Built from '2020.2/staging' branch; Version is '2020.2.6f1 (8a2143876886) revision 9052483'; Using compiler version '192528614'; Build Type 'Release'
OS: 'Windows 10 Pro; OS build 19042.1165; Version 2009; 64bit' Language: 'en' Physical Memory: 8053 MB
BatchMode: 1, IsHumanControllingUs: 0, StartBugReporterOnCrash: 0, Is64bit: 1, IsPro: 0

 COMMAND LINE ARGUMENTS:
C:\Program Files\Unity\Hub\Editor\2020.2.6f1\Editor\Unity.exe
-adb2
-batchMode
-noUpm
-name
AssetImportWorker0
-projectPath
C:/Users/Sarbjot Singh/Documents/GitHub/RunDogRun/Run dog run
-logFile
Logs/AssetImportWorker0.log
-srvPort
50961
Successfully changed project path to: C:/Users/Sarbjot Singh/Documents/GitHub/RunDogRun/Run dog run
C:/Users/Sarbjot Singh/Documents/GitHub/RunDogRun/Run dog run
Using Asset Import Pipeline V2.
Refreshing native plugins compatible for Editor in 35.48 ms, found 0 plugins.
Preloading 0 native plugins for Editor in 0.00 ms.
Initialize engine version: 2020.2.6f1 (8a2143876886)
[Subsystems] Discovering subsystems at path C:/Program Files/Unity/Hub/Editor/2020.2.6f1/Editor/Data/Resources/UnitySubsystems
[Subsystems] Discovering subsystems at path C:/Users/Sarbjot Singh/Documents/GitHub/RunDogRun/Run dog run/Assets
GfxDevice: creating device client; threaded=0
Direct3D:
    Version:  Direct3D 11.0 [level 11.1]
    Renderer: NVIDIA GeForce GTX 1060 6GB (ID=0x1c03)
    Vendor:   
    VRAM:     6052 MB
    Driver:   27.21.14.6109
Initialize mono
Mono path[0] = 'C:/Program Files/Unity/Hub/Editor/2020.2.6f1/Editor/Data/Managed'
Mono path[1] = 'C:/Program Files/Unity/Hub/Editor/2020.2.6f1/Editor/Data/MonoBleedingEdge/lib/mono/unityjit'
Mono config path = 'C:/Program Files/Unity/Hub/Editor/2020.2.6f1/Editor/Data/MonoBleedingEdge/etc'
Using monoOptions --debugger-agent=transport=dt_socket,embedding=1,server=y,suspend=n,address=127.0.0.1:56104
Begin MonoManager ReloadAssembly
Registering precompiled unity dll's ...
Register platform support module: C:/Program Files/Unity/Hub/Editor/2020.2.6f1/Editor/Data/PlaybackEngines/WebGLSupport/UnityEditor.WebGL.Extensions.dll
Register platform support module: C:/Program Files/Unity/Hub/Editor/2020.2.6f1/Editor/Data/PlaybackEngines/MacStandaloneSupport/UnityEditor.OSXStandalone.Extensions.dll
Register platform support module: C:/Program Files/Unity/Hub/Editor/2020.2.6f1/Editor/Data/PlaybackEngines/WindowsStandaloneSupport/UnityEditor.WindowsStandalone.Extensions.dll
Registered in 0.005392 seconds.
Native extension for WindowsStandalone target not found
Native extension for OSXStandalone target not found
Native extension for WebGL target not found
Refreshing native plugins compatible for Editor in 33.02 ms, found 0 plugins.
Preloading 0 native plugins for Editor in 0.00 ms.
Invoked RoslynAnalysisRunner static constructor.
RoslynAnalysisRunner will not be running.
RoslynAnalysisRunner has terminated.
Mono: successfully reloaded assembly
- Completed reload, in  1.855 seconds
Platform modules already initialized, skipping
Registering precompiled user dll's ...
Registered in 0.001080 seconds.
Begin MonoManager ReloadAssembly
Symbol file data-00000197FCC87D10 doesn't match image C:\Users\Sarbjot Singh\Documents\GitHub\RunDogRun\Run dog run\Library\ScriptAssemblies\Cinemachine.dll
Symbol file LoadedFromMemory is not a mono symbol file
Symbol file data-0000019621F17A50 doesn't match image C:\Users\Sarbjot Singh\Documents\GitHub\RunDogRun\Run dog run\Library\ScriptAssemblies\Unity.VSCode.Editor.dll
Symbol file LoadedFromMemory is not a mono symbol file
Symbol file data-00000197FC837030 doesn't match image C:\Users\Sarbjot Singh\Documents\GitHub\RunDogRun\Run dog run\Library\ScriptAssemblies\com.unity.cinemachine.editor.dll
Symbol file LoadedFromMemory is not a mono symbol file
Symbol file data-00000197FC837030 doesn't match image C:\Users\Sarbjot Singh\Documents\GitHub\RunDogRun\Run dog run\Library\ScriptAssemblies\Unity.TextMeshPro.Editor.dll
Symbol file LoadedFromMemory is not a mono symbol file
Symbol file data-00000197FC8F3710 doesn't match image C:\Users\Sarbjot Singh\Documents\GitHub\RunDogRun\Run dog run\Library\ScriptAssemblies\Unity.VisualStudio.Editor.dll
Symbol file LoadedFromMemory is not a mono symbol file
Symbol file data-00000197FCCAEE70 doesn't match image C:\Users\Sarbjot Singh\Documents\GitHub\RunDogRun\Run dog run\Library\ScriptAssemblies\UnityEngine.TestRunner.dll
Symbol file LoadedFromMemory is not a mono symbol file
Symbol file data-000001962161A010 doesn't match image C:\Users\Sarbjot Singh\Documents\GitHub\RunDogRun\Run dog run\Library\ScriptAssemblies\Unity.Timeline.Editor.dll
Symbol file LoadedFromMemory is not a mono symbol file
Symbol file data-0000019620F39030 doesn't match image C:\Users\Sarbjot Singh\Documents\GitHub\RunDogRun\Run dog run\Library\ScriptAssemblies\Unity.Timeline.dll
Symbol file LoadedFromMemory is not a mono symbol file
Symbol file data-00000196214FA010 doesn't match image C:\Users\Sarbjot Singh\Documents\GitHub\RunDogRun\Run dog run\Library\ScriptAssemblies\Unity.TextMeshPro.dll
Symbol file LoadedFromMemory is not a mono symbol file
Symbol file data-00000197FCCAEE70 doesn't match image C:\Users\Sarbjot Singh\Documents\GitHub\RunDogRun\Run dog run\Library\ScriptAssemblies\Unity.CollabProxy.Editor.dll
Symbol file LoadedFromMemory is not a mono symbol file
Symbol file data-0000019620F39030 doesn't match image C:\Users\Sarbjot Singh\Documents\GitHub\RunDogRun\Run dog run\Library\ScriptAssemblies\UnityEditor.TestRunner.dll
Symbol file LoadedFromMemory is not a mono symbol file
Symbol file data-00000197FC3B73E0 doesn't match image C:\Users\Sarbjot Singh\Documents\GitHub\RunDogRun\Run dog run\Library\ScriptAssemblies\Unity.Rider.Editor.dll
Symbol file LoadedFromMemory is not a mono symbol file
Native extension for WindowsStandalone target not found
Native extension for OSXStandalone target not found
Native extension for WebGL target not found
Refreshing native plugins compatible for Editor in 0.34 ms, found 0 plugins.
Preloading 0 native plugins for Editor in 0.00 ms.
Invoked RoslynAnalysisRunner static constructor.
RoslynAnalysisRunner will not be running.
RoslynAnalysisRunner has terminated.
Mono: successfully reloaded assembly
- Completed reload, in  1.412 seconds
Platform modules already initialized, skipping
========================================================================
Worker process is ready to serve import requests
Launched and connected shader compiler UnityShaderCompiler.exe after 0.14 seconds
Refreshing native plugins compatible for Editor in 0.27 ms, found 0 plugins.
Preloading 0 native plugins for Editor in 0.00 ms.
Unloading 1251 Unused Serialized files (Serialized files now loaded: 0)
System memory in use before: 63.1 MB.
System memory in use after: 63.2 MB.

Unloading 10 unused Assets to reduce memory usage. Loaded Objects now: 1697.
Total: 3.225400 ms (FindLiveObjects: 0.272300 ms CreateObjectMapping: 0.273100 ms MarkObjects: 2.596000 ms  DeleteObjects: 0.080800 ms)

========================================================================
Received Import Request.
  path: Assets/BlenderAssets/_DogModelNoFur.fbx
  artifactKey: Guid(2a3fd0590f75bba449aafddbc601eb69) Importer(815301076,1909f56bfc062723c751e8b465ee728b)
Start importing Assets/BlenderAssets/_DogModelNoFur.fbx using Guid(2a3fd0590f75bba449aafddbc601eb69) Importer(815301076,1909f56bfc062723c751e8b465ee728b)  -> (artifact id: '99e459b2faa67572c06c494d6fc6937e') in 0.771744 seconds
  Import took 0.836166 seconds .

========================================================================
Received Import Request.
  Time since last request: 143.753634 seconds.
  path: Assets/BlenderAssets/_DogModelNoFur.fbx
  artifactKey: Guid(2a3fd0590f75bba449aafddbc601eb69) Importer(815301076,1909f56bfc062723c751e8b465ee728b)
Start importing Assets/BlenderAssets/_DogModelNoFur.fbx using Guid(2a3fd0590f75bba449aafddbc601eb69) Importer(815301076,1909f56bfc062723c751e8b465ee728b)  -> (artifact id: '5c31965e7b40246a99ea8f61bb473e02') in 1.669404 seconds
  Import took 1.702969 seconds .

========================================================================
Received Import Request.
  Time since last request: 0.243372 seconds.
  path: Assets/BlenderAssets/_DogModelNoFur.fbx
  artifactKey: Guid(2a3fd0590f75bba449aafddbc601eb69) Importer(815301076,1909f56bfc062723c751e8b465ee728b)
Start importing Assets/BlenderAssets/_DogModelNoFur.fbx using Guid(2a3fd0590f75bba449aafddbc601eb69) Importer(815301076,1909f56bfc062723c751e8b465ee728b)  -> (artifact id: '5c31965e7b40246a99ea8f61bb473e02') in 1.106383 seconds
  Import took 1.116019 seconds .

========================================================================
Received Import Request.
  Time since last request: 206.862595 seconds.
  path: Assets/Animation/New Animator Controller.controller
  artifactKey: Guid(67641af865fe5864ba426539c040a31a) Importer(815301076,1909f56bfc062723c751e8b465ee728b)
Start importing Assets/Animation/New Animator Controller.controller using Guid(67641af865fe5864ba426539c040a31a) Importer(815301076,1909f56bfc062723c751e8b465ee728b)  -> (artifact id: 'f7a431980ab385be0ce11d9ed51c741a') in 0.075625 seconds
  Import took 0.112079 seconds .

========================================================================
Received Prepare
Registering precompiled user dll's ...
Registered in 0.002052 seconds.
Begin MonoManager ReloadAssembly
Symbol file data-0000019623DDA270 doesn't match image C:\Users\Sarbjot Singh\Documents\GitHub\RunDogRun\Run dog run\Library\ScriptAssemblies\Cinemachine.dll
Symbol file LoadedFromMemory is not a mono symbol file
Symbol file data-0000019623B8C080 doesn't match image C:\Users\Sarbjot Singh\Documents\GitHub\RunDogRun\Run dog run\Library\ScriptAssemblies\Unity.VSCode.Editor.dll
Symbol file LoadedFromMemory is not a mono symbol file
Symbol file data-00000197FC863520 doesn't match image C:\Users\Sarbjot Singh\Documents\GitHub\RunDogRun\Run dog run\Library\ScriptAssemblies\com.unity.cinemachine.editor.dll
Symbol file LoadedFromMemory is not a mono symbol file
Symbol file data-00000197FC863520 doesn't match image C:\Users\Sarbjot Singh\Documents\GitHub\RunDogRun\Run dog run\Library\ScriptAssemblies\Unity.TextMeshPro.Editor.dll
Symbol file LoadedFromMemory is not a mono symbol file
Symbol file data-0000019621383220 doesn't match image C:\Users\Sarbjot Singh\Documents\GitHub\RunDogRun\Run dog run\Library\ScriptAssemblies\Unity.VisualStudio.Editor.dll
Symbol file LoadedFromMemory is not a mono symbol file
Symbol file data-00000197FC343080 doesn't match image C:\Users\Sarbjot Singh\Documents\GitHub\RunDogRun\Run dog run\Library\ScriptAssemblies\UnityEngine.TestRunner.dll
Symbol file LoadedFromMemory is not a mono symbol file
Symbol file data-0000019622372020 doesn't match image C:\Users\Sarbjot Singh\Documents\GitHub\RunDogRun\Run dog run\Library\ScriptAssemblies\Unity.Timeline.Editor.dll
Symbol file LoadedFromMemory is not a mono symbol file
Symbol file data-00000197FC1B5010 doesn't match image C:\Users\Sarbjot Singh\Documents\GitHub\RunDogRun\Run dog run\Library\ScriptAssemblies\Unity.Timeline.dll
Symbol file LoadedFromMemory is not a mono symbol file
Symbol file data-0000019620B43010 doesn't match image C:\Users\Sarbjot Singh\Documents\GitHub\RunDogRun\Run dog run\Library\ScriptAssemblies\Unity.TextMeshPro.dll
Symbol file LoadedFromMemory is not a mono symbol file
Symbol file data-00000196225CD020 doesn't match image C:\Users\Sarbjot Singh\Documents\GitHub\RunDogRun\Run dog run\Library\ScriptAssemblies\Unity.CollabProxy.Editor.dll
Symbol file LoadedFromMemory is not a mono symbol file
Symbol file data-00000197FC39C450 doesn't match image C:\Users\Sarbjot Singh\Documents\GitHub\RunDogRun\Run dog run\Library\ScriptAssemblies\UnityEditor.TestRunner.dll
Symbol file LoadedFromMemory is not a mono symbol file
Symbol file data-0000019621383220 doesn't match image C:\Users\Sarbjot Singh\Documents\GitHub\RunDogRun\Run dog run\Library\ScriptAssemblies\Unity.Rider.Editor.dll
Symbol file LoadedFromMemory is not a mono symbol file
Native extension for WindowsStandalone target not found
Native extension for OSXStandalone target not found
Native extension for WebGL target not found
Refreshing native plugins compatible for Editor in 0.29 ms, found 0 plugins.
Preloading 0 native plugins for Editor in 0.00 ms.
Invoked RoslynAnalysisRunner static constructor.
RoslynAnalysisRunner will not be running.
RoslynAnalysisRunner has terminated.
Mono: successfully reloaded assembly
- Completed reload, in  1.907 seconds
Platform modules already initialized, skipping
Refreshing native plugins compatible for Editor in 0.39 ms, found 0 plugins.
Preloading 0 native plugins for Editor in 0.00 ms.
Unloading 1245 Unused Serialized files (Serialized files now loaded: 0)
System memory in use before: 81.3 MB.
System memory in use after: 81.4 MB.

Unloading 6 unused Assets to reduce memory usage. Loaded Objects now: 1744.
Total: 3.256500 ms (FindLiveObjects: 0.186400 ms CreateObjectMapping: 0.126100 ms MarkObjects: 2.885900 ms  DeleteObjects: 0.055100 ms)

========================================================================
Received Prepare
Registering precompiled user dll's ...
Registered in 0.000964 seconds.
Begin MonoManager ReloadAssembly
Symbol file data-00000196227D4030 doesn't match image C:\Users\Sarbjot Singh\Documents\GitHub\RunDogRun\Run dog run\Library\ScriptAssemblies\Cinemachine.dll
Symbol file LoadedFromMemory is not a mono symbol file
Symbol file data-00000196242CAE80 doesn't match image C:\Users\Sarbjot Singh\Documents\GitHub\RunDogRun\Run dog run\Library\ScriptAssemblies\Unity.VSCode.Editor.dll
Symbol file LoadedFromMemory is not a mono symbol file
Symbol file data-00000197FCCA3C60 doesn't match image C:\Users\Sarbjot Singh\Documents\GitHub\RunDogRun\Run dog run\Library\ScriptAssemblies\com.unity.cinemachine.editor.dll
Symbol file LoadedFromMemory is not a mono symbol file
Symbol file data-00000197FCCA3C60 doesn't match image C:\Users\Sarbjot Singh\Documents\GitHub\RunDogRun\Run dog run\Library\ScriptAssemblies\Unity.TextMeshPro.Editor.dll
Symbol file LoadedFromMemory is not a mono symbol file
Symbol file data-00000197FC6431C0 doesn't match image C:\Users\Sarbjot Singh\Documents\GitHub\RunDogRun\Run dog run\Library\ScriptAssemblies\Unity.VisualStudio.Editor.dll
Symbol file LoadedFromMemory is not a mono symbol file
Symbol file data-00000197FC343080 doesn't match image C:\Users\Sarbjot Singh\Documents\GitHub\RunDogRun\Run dog run\Library\ScriptAssemblies\UnityEngine.TestRunner.dll
Symbol file LoadedFromMemory is not a mono symbol file
Symbol file data-00000196224A9CE0 doesn't match image C:\Users\Sarbjot Singh\Documents\GitHub\RunDogRun\Run dog run\Library\ScriptAssemblies\Unity.Timeline.Editor.dll
Symbol file LoadedFromMemory is not a mono symbol file
Symbol file data-0000019620AEF010 doesn't match image C:\Users\Sarbjot Singh\Documents\GitHub\RunDogRun\Run dog run\Library\ScriptAssemblies\Unity.Timeline.dll
Symbol file LoadedFromMemory is not a mono symbol file
Symbol file data-000001962134C010 doesn't match image C:\Users\Sarbjot Singh\Documents\GitHub\RunDogRun\Run dog run\Library\ScriptAssemblies\Unity.TextMeshPro.dll
Symbol file LoadedFromMemory is not a mono symbol file
Symbol file data-00000197FC343080 doesn't match image C:\Users\Sarbjot Singh\Documents\GitHub\RunDogRun\Run dog run\Library\ScriptAssemblies\Unity.CollabProxy.Editor.dll
Symbol file LoadedFromMemory is not a mono symbol file
Symbol file data-0000019621D2D020 doesn't match image C:\Users\Sarbjot Singh\Documents\GitHub\RunDogRun\Run dog run\Library\ScriptAssemblies\UnityEditor.TestRunner.dll
Symbol file LoadedFromMemory is not a mono symbol file
Symbol file data-000001962166D550 doesn't match image C:\Users\Sarbjot Singh\Documents\GitHub\RunDogRun\Run dog run\Library\ScriptAssemblies\Unity.Rider.Editor.dll
Symbol file LoadedFromMemory is not a mono symbol file
Native extension for WindowsStandalone target not found
Native extension for OSXStandalone target not found
Native extension for WebGL target not found
Refreshing native plugins compatible for Editor in 0.27 ms, found 0 plugins.
Preloading 0 native plugins for Editor in 0.00 ms.
Invoked RoslynAnalysisRunner static constructor.
RoslynAnalysisRunner will not be running.
RoslynAnalysisRunner has terminated.
Mono: successfully reloaded assembly
- Completed reload, in  1.301 seconds
Platform modules already initialized, skipping
Refreshing native plugins compatible for Editor in 0.30 ms, found 0 plugins.
Preloading 0 native plugins for Editor in 0.00 ms.
Unloading 1244 Unused Serialized files (Serialized files now loaded: 0)
System memory in use before: 81.3 MB.
System memory in use after: 81.4 MB.

Unloading 5 unused Assets to reduce memory usage. Loaded Objects now: 1746.
Total: 2.389500 ms (FindLiveObjects: 0.231500 ms CreateObjectMapping: 0.095800 ms MarkObjects: 2.013800 ms  DeleteObjects: 0.046800 ms)

========================================================================
Received Import Request.
  Time since last request: 100.947875 seconds.
  path: Assets/Animation/Dog animation.controller
  artifactKey: Guid(67641af865fe5864ba426539c040a31a) Importer(815301076,1909f56bfc062723c751e8b465ee728b)
Start importing Assets/Animation/Dog animation.controller using Guid(67641af865fe5864ba426539c040a31a) Importer(815301076,1909f56bfc062723c751e8b465ee728b)  -> (artifact id: 'd4364bee3cbb9884a97e9e920de31bb0') in 0.077404 seconds
  Import took 0.090758 seconds .

AssetImportWorkerClient::OnTransportError - code=2 error=End of file
